<?xml version="1.0" encoding="UTF-8"?>
<testsuite name="com.example.backendwebshopassignment.BackendWebshopAssignmentApplicationTests" tests="1" skipped="0" failures="0" errors="0" timestamp="2023-05-03T08:13:11" hostname="Sticker-PC" time="0.33">
  <properties/>
  <testcase name="contextLoads()" classname="com.example.backendwebshopassignment.BackendWebshopAssignmentApplicationTests" time="0.33"/>
  <system-out><![CDATA[10:13:04.065 [Test worker] DEBUG org.springframework.boot.test.context.SpringBootTestContextBootstrapper -- Neither @ContextConfiguration nor @ContextHierarchy found for test class [BackendWebshopAssignmentApplicationTests]: using SpringBootContextLoader
10:13:04.071 [Test worker] DEBUG org.springframework.test.context.support.AbstractContextLoader -- Could not detect default resource locations for test class [com.example.backendwebshopassignment.BackendWebshopAssignmentApplicationTests]: no resource found for suffixes {-context.xml, Context.groovy}.
10:13:04.071 [Test worker] INFO org.springframework.test.context.support.AnnotationConfigContextLoaderUtils -- Could not detect default configuration classes for test class [com.example.backendwebshopassignment.BackendWebshopAssignmentApplicationTests]: BackendWebshopAssignmentApplicationTests does not declare any static, non-private, non-final, nested classes annotated with @Configuration.
10:13:04.091 [Test worker] DEBUG org.springframework.boot.test.context.SpringBootTestContextBootstrapper -- Using ContextCustomizers for test class [BackendWebshopAssignmentApplicationTests]: [DisableObservabilityContextCustomizer, PropertyMappingContextCustomizer, Customizer, ExcludeFilterContextCustomizer, DuplicateJsonObjectContextCustomizer, MockitoContextCustomizer, TestRestTemplateContextCustomizer]
10:13:04.171 [Test worker] DEBUG org.springframework.context.annotation.ClassPathScanningCandidateComponentProvider -- Identified candidate component class: file [/home/svantesodergard/IdeaProjects/BackendWebshopAssignment/BackendWebshopAssignment/build/classes/java/main/com/example/backendwebshopassignment/BackendWebshopAssignmentApplication.class]
10:13:04.173 [Test worker] INFO org.springframework.boot.test.context.SpringBootTestContextBootstrapper -- Found @SpringBootConfiguration com.example.backendwebshopassignment.BackendWebshopAssignmentApplication for test class com.example.backendwebshopassignment.BackendWebshopAssignmentApplicationTests
10:13:04.273 [Test worker] DEBUG org.springframework.boot.test.context.SpringBootTestContextBootstrapper -- Using TestExecutionListeners for test class [BackendWebshopAssignmentApplicationTests]: [ServletTestExecutionListener, DirtiesContextBeforeModesTestExecutionListener, ApplicationEventsTestExecutionListener, MockitoTestExecutionListener, DependencyInjectionTestExecutionListener, DirtiesContextTestExecutionListener, TransactionalTestExecutionListener, SqlScriptsTestExecutionListener, EventPublishingTestExecutionListener, RestDocsTestExecutionListener, MockRestServiceServerResetTestExecutionListener, MockMvcPrintOnlyOnFailureTestExecutionListener, WebDriverTestExecutionListener, MockWebServiceServerTestExecutionListener, ResetMocksTestExecutionListener]
10:13:04.274 [Test worker] DEBUG org.springframework.test.context.support.AbstractDirtiesContextTestExecutionListener -- Before test class: class [BackendWebshopAssignmentApplicationTests], class annotated with @DirtiesContext [false] with mode [null]

  .   ____          _            __ _ _
 /\\ / ___'_ __ _ _(_)_ __  __ _ \ \ \ \
( ( )\___ | '_ | '_| | '_ \/ _` | \ \ \ \
 \\/  ___)| |_)| | | | | || (_| |  ) ) ) )
  '  |____| .__|_| |_|_| |_\__, | / / / /
 =========|_|==============|___/=/_/_/_/
 :: Spring Boot ::                (v3.0.6)

2023-05-03T10:13:04.532+02:00  INFO 29181 --- [    Test worker] BackendWebshopAssignmentApplicationTests : Starting BackendWebshopAssignmentApplicationTests using Java 18.0.2 with PID 29181 (started by svantesodergard in /home/svantesodergard/IdeaProjects/BackendWebshopAssignment/BackendWebshopAssignment)
2023-05-03T10:13:04.534+02:00  INFO 29181 --- [    Test worker] BackendWebshopAssignmentApplicationTests : No active profile set, falling back to 1 default profile: "default"
2023-05-03T10:13:06.091+02:00  INFO 29181 --- [    Test worker] .s.d.r.c.RepositoryConfigurationDelegate : Bootstrapping Spring Data JPA repositories in DEFAULT mode.
2023-05-03T10:13:06.287+02:00  INFO 29181 --- [    Test worker] .s.d.r.c.RepositoryConfigurationDelegate : Finished Spring Data repository scanning in 179 ms. Found 3 JPA repository interfaces.
2023-05-03T10:13:07.740+02:00  INFO 29181 --- [    Test worker] o.hibernate.jpa.internal.util.LogHelper  : HHH000204: Processing PersistenceUnitInfo [name: default]
2023-05-03T10:13:07.790+02:00  INFO 29181 --- [    Test worker] org.hibernate.Version                    : HHH000412: Hibernate ORM core version 6.1.7.Final
2023-05-03T10:13:08.075+02:00  INFO 29181 --- [    Test worker] com.zaxxer.hikari.HikariDataSource       : HikariPool-1 - Starting...
2023-05-03T10:13:08.466+02:00  INFO 29181 --- [    Test worker] com.zaxxer.hikari.pool.HikariPool        : HikariPool-1 - Added connection com.mysql.cj.jdbc.ConnectionImpl@3212d853
2023-05-03T10:13:08.470+02:00  INFO 29181 --- [    Test worker] com.zaxxer.hikari.HikariDataSource       : HikariPool-1 - Start completed.
2023-05-03T10:13:08.522+02:00  INFO 29181 --- [    Test worker] SQL dialect                              : HHH000400: Using dialect: org.hibernate.dialect.MySQLDialect
2023-05-03T10:13:09.524+02:00  INFO 29181 --- [    Test worker] o.h.e.t.j.p.i.JtaPlatformInitiator       : HHH000490: Using JtaPlatform implementation: [org.hibernate.engine.transaction.jta.platform.internal.NoJtaPlatform]
2023-05-03T10:13:09.536+02:00  INFO 29181 --- [    Test worker] j.LocalContainerEntityManagerFactoryBean : Initialized JPA EntityManagerFactory for persistence unit 'default'
2023-05-03T10:13:10.295+02:00  WARN 29181 --- [    Test worker] JpaBaseConfiguration$JpaWebConfiguration : spring.jpa.open-in-view is enabled by default. Therefore, database queries may be performed during view rendering. Explicitly configure spring.jpa.open-in-view to disable this warning
2023-05-03T10:13:11.147+02:00  INFO 29181 --- [    Test worker] BackendWebshopAssignmentApplicationTests : Started BackendWebshopAssignmentApplicationTests in 6.832 seconds (process running for 7.768)
]]></system-out>
  <system-err><![CDATA[]]></system-err>
</testsuite>
